Init Variables
cluster is configured
(1, 0)
(2, 1)
(3, 2)
(4, 3)
(5, 4)
(6, 5)
(7, 6)
(8, 7)
(9, 8)
(10, 9)
(11, 10)
(12, 11)
(13, 12)
(14, 13)
(15, 14)
(16, 15)
(17, 16)
(18, 17)
(19, 18)
Traceback (most recent call last):
  File "asyncsgd.py", line 118, in <module>
    output = sess.run([w, global_step_update])
  File "/usr/local/lib/python2.7/dist-packages/tensorflow/python/client/session.py", line 717, in run
    run_metadata_ptr)
  File "/usr/local/lib/python2.7/dist-packages/tensorflow/python/client/session.py", line 915, in _run
    feed_dict_string, options, run_metadata)
  File "/usr/local/lib/python2.7/dist-packages/tensorflow/python/client/session.py", line 965, in _do_run
    target_list, options, run_metadata)
  File "/usr/local/lib/python2.7/dist-packages/tensorflow/python/client/session.py", line 972, in _do_call
    return fn(*args)
  File "/usr/local/lib/python2.7/dist-packages/tensorflow/python/client/session.py", line 954, in _run_fn
    status, run_metadata)
KeyboardInterrupt
Init Variables
cluster is configured
(1, 0)
(2, 1)
(3, 2)
(4, 3)
(5, 4)
(6, 5)
(7, 6)
(8, 7)
(9, 8)
(10, 9)
(11, 10)
(12, 11)
(13, 12)
(14, 13)
(15, 14)
(16, 15)
(17, 16)
(18, 17)
Traceback (most recent call last):
  File "asyncsgd.py", line 119, in <module>
    output = sess.run([w, global_step_update])
  File "/usr/local/lib/python2.7/dist-packages/tensorflow/python/client/session.py", line 717, in run
    run_metadata_ptr)
  File "/usr/local/lib/python2.7/dist-packages/tensorflow/python/client/session.py", line 915, in _run
    feed_dict_string, options, run_metadata)
  File "/usr/local/lib/python2.7/dist-packages/tensorflow/python/client/session.py", line 965, in _do_run
    target_list, options, run_metadata)
  File "/usr/local/lib/python2.7/dist-packages/tensorflow/python/client/session.py", line 972, in _do_call
    return fn(*args)
  File "/usr/local/lib/python2.7/dist-packages/tensorflow/python/client/session.py", line 954, in _run_fn
    status, run_metadata)
KeyboardInterrupt
Init Variables
cluster is configured
(1, 0)
(2, 1)
(3, 2)
(4, 3)
(5, 4)
(6, 5)
(7, 6)
(8, 7)
(9, 8)
(10, 9)
(11, 10)
(12, 11)
(13, 12)
(14, 13)
(15, 14)
(16, 15)
(17, 16)
(18, 17)
Traceback (most recent call last):
  File "asyncsgd.py", line 119, in <module>
    output = sess.run([w, global_step_update])
  File "/usr/local/lib/python2.7/dist-packages/tensorflow/python/client/session.py", line 717, in run
    run_metadata_ptr)
  File "/usr/local/lib/python2.7/dist-packages/tensorflow/python/client/session.py", line 915, in _run
    feed_dict_string, options, run_metadata)
  File "/usr/local/lib/python2.7/dist-packages/tensorflow/python/client/session.py", line 965, in _do_run
    target_list, options, run_metadata)
  File "/usr/local/lib/python2.7/dist-packages/tensorflow/python/client/session.py", line 972, in _do_call
    return fn(*args)
  File "/usr/local/lib/python2.7/dist-packages/tensorflow/python/client/session.py", line 954, in _run_fn
    status, run_metadata)
KeyboardInterrupt
Init Variables
cluster is configured
(1, 0)
(2, 1)
(3, 2)
(4, 3)
(5, 4)
(6, 5)
(7, 6)
(8, 7)
(9, 8)
(10, 9)
(11, 10)
(12, 11)
(13, 12)
(14, 13)
(15, 14)
(16, 15)
(17, 16)
(18, 17)
(19, 18)
(20, 19)
(21, 20)
(22, 21)
(23, 22)
(24, 23)
(25, 24)
(26, 25)
(27, 26)
(28, 27)
(29, 28)
(30, 29)
(31, 30)
(32, 31)
(33, 32)
(34, 33)
(35, 34)
(36, 35)
(37, 36)
(38, 37)
(39, 38)
(40, 39)
(41, 40)
(42, 41)
(43, 42)
(44, 43)
Traceback (most recent call last):
  File "asyncsgd.py", line 119, in <module>
    output = sess.run([w, global_step_update])
  File "/usr/local/lib/python2.7/dist-packages/tensorflow/python/client/session.py", line 717, in run
    run_metadata_ptr)
  File "/usr/local/lib/python2.7/dist-packages/tensorflow/python/client/session.py", line 915, in _run
    feed_dict_string, options, run_metadata)
  File "/usr/local/lib/python2.7/dist-packages/tensorflow/python/client/session.py", line 965, in _do_run
    target_list, options, run_metadata)
  File "/usr/local/lib/python2.7/dist-packages/tensorflow/python/client/session.py", line 972, in _do_call
    return fn(*args)
  File "/usr/local/lib/python2.7/dist-packages/tensorflow/python/client/session.py", line 954, in _run_fn
    status, run_metadata)
KeyboardInterrupt
